[INFO][ASSET][2024-03-06 22:46:51,437][train_pipeline][input]: [36m

=========================================================== ASSET START ===========================================================
- time (UTC)        : 2024-03-06 13:46:51
- current step      : input
- asset branch.     : release_1.0
- alolib ver.       : develop
- alo ver.          : develop
- load envs. keys   : dict_keys(['project_home', 'solution_metadata_version', 'artifacts', 'alo_version', 'interface_mode', 'proc_start_time', 'save_train_artifacts_path', 'save_inference_artifacts_path', 'pipeline', 'step', 'num_step', 'asset_branch', 'log_file_path', 'load_data', 'load_config', 'save_data', 'save_config'])
- load args. keys   : dict_keys(['input_data_folder', 'x_columns', 'y_column'])
- load config. keys : dict_keys(['meta'])
- load data keys    : dict_keys([])
====================================================================================================================================

[0m
[INFO][ASSET][2024-03-06 22:46:51,451][train_pipeline][input]: Loaded dataframe0
[INFO][ASSET][2024-03-06 22:46:51,452][train_pipeline][input]: [36m

=========================================================== ASSET FINISH ===========================================================
- time (UTC)        : 2024-03-06 13:46:51
- current step      : input
- save config. keys : dict_keys(['meta', 'x_columns', 'y_column'])
- save data keys    : dict_keys(['dataframe0'])
====================================================================================================================================

[0m
[INFO][ASSET][2024-03-06 22:46:52,458][train_pipeline][train]: [36m

=========================================================== ASSET START ===========================================================
- time (UTC)        : 2024-03-06 13:46:52
- current step      : train
- asset branch.     : release_1.0
- alolib ver.       : develop
- alo ver.          : develop
- load envs. keys   : dict_keys(['project_home', 'solution_metadata_version', 'artifacts', 'alo_version', 'interface_mode', 'proc_start_time', 'save_train_artifacts_path', 'save_inference_artifacts_path', 'pipeline', 'step', 'num_step', 'asset_branch', 'log_file_path', 'load_data', 'load_config', 'save_data', 'save_config', 'prev_step'])
- load args. keys   : dict_keys(['n_estimators'])
- load config. keys : dict_keys(['meta', 'x_columns', 'y_column'])
- load data keys    : dict_keys(['dataframe0'])
====================================================================================================================================

[0m
[INFO][ASSET][2024-03-06 22:46:52,758][train_pipeline][train]: Successfully got model path for saving or loading your AI model: 
 /home/sehyun.song/Project/alo/dev-240228/.train_artifacts/models/train/
[INFO][ASSET][2024-03-06 22:46:52,766][train_pipeline][train]: [36m

=========================================================== ASSET FINISH ===========================================================
- time (UTC)        : 2024-03-06 13:46:52
- current step      : train
- save config. keys : dict_keys(['meta', 'x_columns', 'y_column', 'model_path'])
- save data keys    : dict_keys(['dataframe0'])
====================================================================================================================================

[0m
