[1m================================================================================================================================================================================================================================================[0m
[1m                                                                                                        pipeline : < train_pipeline >                                                                                                             [0m
[1m================================================================================================================================================================================================================================================ 
[0m
[94m>> Start renewing asset : /home/sehyun.song/Project/tcr-v.1.0-231013/alo/assets/input[0m
[92m/home/sehyun.song/Project/tcr-v.1.0-231013/alo/assets/input successfully pulled.[0m
[94m>> Start renewing asset : /home/sehyun.song/Project/tcr-v.1.0-231013/alo/assets/train[0m
[92m/home/sehyun.song/Project/tcr-v.1.0-231013/alo/assets/train successfully pulled.[0m
[93m>> Ignored installing << pandas==1.5.3 >>. Another version will be installed in the previous step.[0m
[92m======================================== Start dependency installation : << input >> ========================================[0m
[93m>> Start checking existence & installing package - pandas==1.5.3 | Progress: ( 1 / 1 total packages )[0m
[92m- << pandas==1.5.3 >> already exists[0m
[92m======================================== Start dependency installation : << force-reinstall >> ========================================[0m
[92m======================================== Finish dependency installation ======================================== 
[0m



[94m============================= ASSET INFO =============================[0m
[94mPIPELINES    : train_pipeline[0m
[94mASSETS       : input[0m
[94m=======================================================================[0m



[93m==================== current time : 2023-10-14 09:30:50.932605+00:00 (UTC) ====================[0m
************************************************************
************************************************************
[93m>> Load path : ['/home/sehyun.song/Project/tcr-v.1.0-231013/alo/input/train/'][0m
[92m>> The file for batch data has been loaded. (File name: /home/sehyun.song/Project/tcr-v.1.0-231013/alo/input/train/train.csv)[0m
[92m==================== Success loading dataframe ====================[0m
[93m>> Drop columns from the input dataframe when set << auto >> mode or specified in the << drop_columns >> in config yaml. (dropped colums:[])[0m



[94m============================= ASSET INFO =============================[0m
[94mPIPELINES    : train_pipeline[0m
[94mASSETS       : train[0m
[94m=======================================================================[0m



[1m================================================================================================================================================================================================================================================[0m
[1m                                                                                                        pipeline : < train_pipeline >                                                                                                             [0m
[1m================================================================================================================================================================================================================================================ 
[0m
[94minput asset has already been created at 2023-10-14 18:30:50.626089[0m
[94mtrain asset has already been created at 2023-10-14 18:31:19.554147[0m
[93m>> Ignored installing << pandas==1.5.3 >>. Another version will be installed in the previous step.[0m
[92m======================================== Start dependency installation : << input >> ========================================[0m
[93m>> Start checking existence & installing package - pandas==1.5.3 | Progress: ( 1 / 1 total packages )[0m
[92m- << pandas==1.5.3 >> already exists[0m
[92m======================================== Start dependency installation : << force-reinstall >> ========================================[0m
[92m======================================== Finish dependency installation ======================================== 
[0m



[94m============================= ASSET INFO =============================[0m
[94mPIPELINES    : train_pipeline[0m
[94mASSETS       : input[0m
[94m=======================================================================[0m



[93m==================== current time : 2023-10-14 09:31:22.596453+00:00 (UTC) ====================[0m
************************************************************
************************************************************
[93m>> Load path : ['/home/sehyun.song/Project/tcr-v.1.0-231013/alo/input/train/'][0m
[92m>> The file for batch data has been loaded. (File name: /home/sehyun.song/Project/tcr-v.1.0-231013/alo/input/train/train.csv)[0m
[92m==================== Success loading dataframe ====================[0m
[93m>> Drop columns from the input dataframe when set << auto >> mode or specified in the << drop_columns >> in config yaml. (dropped colums:[])[0m



[94m============================= ASSET INFO =============================[0m
[94mPIPELINES    : train_pipeline[0m
[94mASSETS       : train[0m
[94m=======================================================================[0m



************************************************************
************************************************************



[91m============================= ASSET ERROR =============================[0m
[91mTIME(UTC)    : 2023-10-14 09:31:23 (KST : 2023-10-14 18:31:23)[0m
[91mERROR(msg)   : Asset.get_model_path() got an unexpected keyword argument 'pipeline_mode'[0m
[91m=======================================================================[0m



[1m================================================================================================================================================================================================================================================[0m
[1m                                                                                                        pipeline : < train_pipeline >                                                                                                             [0m
[1m================================================================================================================================================================================================================================================ 
[0m
[94minput asset has already been created at 2023-10-14 18:30:50.626089[0m
[94mtrain asset has already been created at 2023-10-14 18:32:19.286267[0m
[93m>> Ignored installing << pandas==1.5.3 >>. Another version will be installed in the previous step.[0m
[92m======================================== Start dependency installation : << input >> ========================================[0m
[93m>> Start checking existence & installing package - pandas==1.5.3 | Progress: ( 1 / 1 total packages )[0m
[92m- << pandas==1.5.3 >> already exists[0m
[92m======================================== Start dependency installation : << force-reinstall >> ========================================[0m
[92m======================================== Finish dependency installation ======================================== 
[0m



[94m============================= ASSET INFO =============================[0m
[94mPIPELINES    : train_pipeline[0m
[94mASSETS       : input[0m
[94m=======================================================================[0m



[93m==================== current time : 2023-10-14 09:32:22.559864+00:00 (UTC) ====================[0m
************************************************************
************************************************************
[93m>> Load path : ['/home/sehyun.song/Project/tcr-v.1.0-231013/alo/input/train/'][0m
[92m>> The file for batch data has been loaded. (File name: /home/sehyun.song/Project/tcr-v.1.0-231013/alo/input/train/train.csv)[0m
[92m==================== Success loading dataframe ====================[0m
[93m>> Drop columns from the input dataframe when set << auto >> mode or specified in the << drop_columns >> in config yaml. (dropped colums:[])[0m



[94m============================= ASSET INFO =============================[0m
[94mPIPELINES    : train_pipeline[0m
[94mASSETS       : train[0m
[94m=======================================================================[0m



************************************************************
************************************************************
[92m>> Successfully got model path for saving or loading your AI model: 
 /home/sehyun.song/Project/tcr-v.1.0-231013/alo/.train_artifacts/models/train/[0m
[92m>> Successfully got << output path >> for saving your data into csv or jpg file: 
 /home/sehyun.song/Project/tcr-v.1.0-231013/alo/.train_artifacts/output/ 
 L [NOTE] The names of output file must be fixed as << output.csv, output.jpg >> [0m
[92m[Done] .history backup (config yaml & artifacts) complete[0m
[1m================================================================================================================================================================================================================================================[0m
[1m                                                                                                        pipeline : < inference_pipeline >                                                                                                             [0m
[1m================================================================================================================================================================================================================================================ 
[0m
[94minput asset has already been created at 2023-10-14 18:30:50.626089[0m
[94m>> Start renewing asset : /home/sehyun.song/Project/tcr-v.1.0-231013/alo/assets/inference[0m
[92m/home/sehyun.song/Project/tcr-v.1.0-231013/alo/assets/inference successfully pulled.[0m
[93m>> Ignored installing << pandas==1.5.3 >>. Another version will be installed in the previous step.[0m
[92m======================================== Start dependency installation : << input >> ========================================[0m
[93m>> Start checking existence & installing package - pandas==1.5.3 | Progress: ( 1 / 1 total packages )[0m
[92m- << pandas==1.5.3 >> already exists[0m
[92m======================================== Start dependency installation : << force-reinstall >> ========================================[0m
[92m======================================== Finish dependency installation ======================================== 
[0m



[94m============================= ASSET INFO =============================[0m
[94mPIPELINES    : inference_pipeline[0m
[94mASSETS       : input[0m
[94m=======================================================================[0m



[93m==================== current time : 2023-10-14 09:32:23.326879+00:00 (UTC) ====================[0m
************************************************************
************************************************************
[93m>> Load path : ['/home/sehyun.song/Project/tcr-v.1.0-231013/alo/input/train/'][0m
[92m>> The file for batch data has been loaded. (File name: /home/sehyun.song/Project/tcr-v.1.0-231013/alo/input/train/train.csv)[0m
[92m==================== Success loading dataframe ====================[0m
[93m>> Drop columns from the input dataframe when set << auto >> mode or specified in the << drop_columns >> in config yaml. (dropped colums:[])[0m



[94m============================= ASSET INFO =============================[0m
[94mPIPELINES    : inference_pipeline[0m
[94mASSETS       : inference[0m
[94m=======================================================================[0m



************************************************************
************************************************************



[91m============================= ASSET ERROR =============================[0m
[91mTIME(UTC)    : 2023-10-14 09:32:23 (KST : 2023-10-14 18:32:23)[0m
[91mERROR(msg)   : Asset.get_model_path() got an unexpected keyword argument 'pipeline_mode'[0m
[91m=======================================================================[0m



