[INFO][PROCESS][2024-03-06 22:46:49,084]: alolib already exists in local path.
[INFO][PROCESS][2024-03-06 22:46:50,816]: Success installing alolib requirements.txt
[INFO][PROCESS][2024-03-06 22:46:50,819]: Requirement already satisfied: pyyaml==6.0.1 in /home/sehyun.song/miniforge3/lib/python3.10/site-packages (from -r /home/sehyun.song/Project/alo/dev-240228/alolib/requirements.txt (line 1)) (6.0.1)
Requirement already satisfied: pytz==2021.3 in /home/sehyun.song/miniforge3/lib/python3.10/site-packages (from -r /home/sehyun.song/Project/alo/dev-240228/alolib/requirements.txt (line 2)) (2021.3)
Requirement already satisfied: psutil==5.9.5 in /home/sehyun.song/miniforge3/lib/python3.10/site-packages (from -r /home/sehyun.song/Project/alo/dev-240228/alolib/requirements.txt (line 3)) (5.9.5)
Requirement already satisfied: requests==2.31.0 in /home/sehyun.song/miniforge3/lib/python3.10/site-packages (from -r /home/sehyun.song/Project/alo/dev-240228/alolib/requirements.txt (line 4)) (2.31.0)
Requirement already satisfied: charset-normalizer<4,>=2 in /home/sehyun.song/miniforge3/lib/python3.10/site-packages (from requests==2.31.0->-r /home/sehyun.song/Project/alo/dev-240228/alolib/requirements.txt (line 4)) (3.2.0)
Requirement already satisfied: idna<4,>=2.5 in /home/sehyun.song/miniforge3/lib/python3.10/site-packages (from requests==2.31.0->-r /home/sehyun.song/Project/alo/dev-240228/alolib/requirements.txt (line 4)) (3.4)
Requirement already satisfied: urllib3<3,>=1.21.1 in /home/sehyun.song/miniforge3/lib/python3.10/site-packages (from requests==2.31.0->-r /home/sehyun.song/Project/alo/dev-240228/alolib/requirements.txt (line 4)) (1.26.18)
Requirement already satisfied: certifi>=2017.4.17 in /home/sehyun.song/miniforge3/lib/python3.10/site-packages (from requests==2.31.0->-r /home/sehyun.song/Project/alo/dev-240228/alolib/requirements.txt (line 4)) (2023.7.22)

[INFO][PROCESS][2024-03-06 22:46:50,822]: Successfully loaded experimental plan yaml: 
 /home/sehyun.song/Project/alo/dev-240228/solution/experimental_plan.yaml
[INFO][PROCESS][2024-03-06 22:46:50,824]: Successfully loaded << experimental_plan.yaml >> from: 
 /home/sehyun.song/Project/alo/dev-240228/solution/experimental_plan.yaml
[INFO][META][2024-03-06 22:46:50,876]: Loaded solution_metadata: 
None

[INFO][PROCESS][2024-03-06 22:46:50,878]: Process start-time: 240306_224650
[INFO][META][2024-03-06 22:46:50,879]: ALO version = develop
[INFO][PROCESS][2024-03-06 22:46:50,881]: ==================== Start ALO preset ==================== 
[INFO][PROCESS][2024-03-06 22:46:50,884]: #########################################################################################################
[INFO][PROCESS][2024-03-06 22:46:50,886]:                                                  train_pipeline                                                   
[INFO][PROCESS][2024-03-06 22:46:50,887]: #########################################################################################################
[INFO][PROCESS][2024-03-06 22:46:50,890]: Successfully emptied << /home/sehyun.song/Project/alo/dev-240228/.train_artifacts/score >> 
[INFO][PROCESS][2024-03-06 22:46:50,892]: Successfully emptied << /home/sehyun.song/Project/alo/dev-240228/.train_artifacts/models >> 
[INFO][PROCESS][2024-03-06 22:46:50,894]: Successfully emptied << /home/sehyun.song/Project/alo/dev-240228/.train_artifacts/output >> 
[INFO][PROCESS][2024-03-06 22:46:50,896]: Successfully emptied << /home/sehyun.song/Project/alo/dev-240228/.train_artifacts/report >> 
[INFO][PROCESS][2024-03-06 22:46:50,898]: Start setting-up << input >> asset @ << assets >> directory.
[INFO][PROCESS][2024-03-06 22:46:50,901]: << input >> asset had already been created at 2024-03-05 15:01:15.817439
[INFO][PROCESS][2024-03-06 22:46:50,902]: Start setting-up << train >> asset @ << assets >> directory.
[INFO][PROCESS][2024-03-06 22:46:50,904]: << train >> asset had already been created at 2024-03-05 15:01:15.953444
[INFO][PROCESS][2024-03-06 22:46:50,906]: ======================================== Start dependency installation : << input >> 
[INFO][PROCESS][2024-03-06 22:46:50,908]: Start checking existence & installing package - pandas==1.5.3 | Progress: ( 1 / 2 total packages ) 
[INFO][PROCESS][2024-03-06 22:46:50,914]: [OK] << pandas==1.5.3 >> already exists
[INFO][PROCESS][2024-03-06 22:46:50,916]: ======================================== Start dependency installation : << train >> 
[INFO][PROCESS][2024-03-06 22:46:50,918]: Start checking existence & installing package - scikit-learn | Progress: ( 2 / 2 total packages ) 
[INFO][PROCESS][2024-03-06 22:46:50,920]: [OK] << scikit-learn >> already exists
[INFO][PROCESS][2024-03-06 22:46:50,922]: ======================================== Start dependency installation : << force-reinstall >> 
[INFO][PROCESS][2024-03-06 22:46:50,924]: ======================================== Finish dependency installation 

[WARNING][PROCESS][2024-03-06 22:46:50,926]: You did not write any << aws_key_profile >> in the config yaml file. When you wanna get data from s3 storage, 
                                     you have to write the aws_key_profile or set << AWS_ACCESS_KEY_ID, AWS_SECRET_ACCESS_KEY >> in your os environment. 

[INFO][PROCESS][2024-03-06 22:46:50,928]: Successfuly removed << /home/sehyun.song/Project/alo/dev-240228/input/train/ >> before loading external data.
[INFO][PROCESS][2024-03-06 22:46:50,930]: << ./solution/sample_data/train_data/ >> may be relative path. The reference folder of relative path is << /home/sehyun.song/Project/alo/dev-240228/ >>. 
 If this is not appropriate relative path, Loading external data process would raise error.
[INFO][PROCESS][2024-03-06 22:46:50,933]: Successfully done loading external data: 
 ./solution/sample_data/train_data/ --> /home/sehyun.song/Project/alo/dev-240228/input/train/
[INFO][PROCESS][2024-03-06 22:46:50,935]: Successfuly finish loading << ./solution/sample_data/train_data/ >> into << /home/sehyun.song/Project/alo/dev-240228/input/ >>
[INFO][PROCESS][2024-03-06 22:46:50,937]: ==================== Start pipeline: train_pipeline / step: input
[INFO][PROCESS][2024-03-06 22:46:51,454]: ==================== Finish pipeline: train_pipeline / step: input
[INFO][PROCESS][2024-03-06 22:46:51,457]: ==================== Start pipeline: train_pipeline / step: train
[INFO][PROCESS][2024-03-06 22:46:52,768]: ==================== Finish pipeline: train_pipeline / step: train
